00:16:11:150  INFO 3056 --- [main] com.hmall.service.RedisDataTypesTest     : Starting RedisDataTypesTest using Java 21.0.7 on DESKTOP-ADO6404 with PID 3056 (started by 86152 in D:\code\hmall\hm-service)
00:16:11:169 DEBUG 3056 --- [main] com.hmall.service.RedisDataTypesTest     : Running with Spring Boot v2.7.12, Spring v5.3.27
00:16:11:171  INFO 3056 --- [main] com.hmall.service.RedisDataTypesTest     : The following 1 profile is active: "dev"
00:16:12:531  INFO 3056 --- [main] .s.d.r.c.RepositoryConfigurationDelegate : Multiple Spring Data modules found, entering strict repository configuration mode
00:16:12:537  INFO 3056 --- [main] .s.d.r.c.RepositoryConfigurationDelegate : Bootstrapping Spring Data Redis repositories in DEFAULT mode.
00:16:12:574  INFO 3056 --- [main] .s.d.r.c.RepositoryConfigurationDelegate : Finished Spring Data repository scanning in 14 ms. Found 0 Redis repository interfaces.
00:16:16:921  INFO 3056 --- [main] c.a.c.sentinel.SentinelWebMvcConfigurer  : [Sentinel Starter] register SentinelWebInterceptor with urlPatterns: [/**].
00:16:18:251  INFO 3056 --- [main] pertySourcedRequestMappingHandlerMapping : Mapped URL path [/v2/api-docs] onto method [springfox.documentation.swagger2.web.Swagger2ControllerWebMvc#getDocumentation(String, HttpServletRequest)]
00:16:18:743  INFO 3056 --- [main] d.s.w.p.DocumentationPluginsBootstrapper : Documentation plugins bootstrapped
00:16:18:751  INFO 3056 --- [main] d.s.w.p.DocumentationPluginsBootstrapper : Found 1 custom documentation plugin(s)
00:16:18:831  INFO 3056 --- [main] s.d.s.w.s.ApiListingReferenceScanner     : Scanning for api listing references
00:16:19:211  INFO 3056 --- [main] com.hmall.service.RedisDataTypesTest     : Started RedisDataTypesTest in 9.693 seconds (JVM running for 10.897)
11:14:36:929  INFO 4832 --- [main] com.hmall.service.RedisDataTypesTest     : Starting RedisDataTypesTest using Java 21.0.7 on DESKTOP-ADO6404 with PID 4832 (started by 86152 in D:\code\hmall\hm-service)
11:14:36:932 DEBUG 4832 --- [main] com.hmall.service.RedisDataTypesTest     : Running with Spring Boot v2.7.12, Spring v5.3.27
11:14:36:933  INFO 4832 --- [main] com.hmall.service.RedisDataTypesTest     : The following 1 profile is active: "dev"
11:14:38:345  INFO 4832 --- [main] .s.d.r.c.RepositoryConfigurationDelegate : Multiple Spring Data modules found, entering strict repository configuration mode
11:14:38:349  INFO 4832 --- [main] .s.d.r.c.RepositoryConfigurationDelegate : Bootstrapping Spring Data Redis repositories in DEFAULT mode.
11:14:38:373  INFO 4832 --- [main] .s.d.r.c.RepositoryConfigurationDelegate : Finished Spring Data repository scanning in 11 ms. Found 0 Redis repository interfaces.
11:14:44:833  INFO 4832 --- [main] c.a.c.sentinel.SentinelWebMvcConfigurer  : [Sentinel Starter] register SentinelWebInterceptor with urlPatterns: [/**].
11:14:46:132  INFO 4832 --- [main] pertySourcedRequestMappingHandlerMapping : Mapped URL path [/v2/api-docs] onto method [springfox.documentation.swagger2.web.Swagger2ControllerWebMvc#getDocumentation(String, HttpServletRequest)]
11:14:46:644  INFO 4832 --- [main] d.s.w.p.DocumentationPluginsBootstrapper : Documentation plugins bootstrapped
11:14:46:648  INFO 4832 --- [main] d.s.w.p.DocumentationPluginsBootstrapper : Found 1 custom documentation plugin(s)
11:14:46:712  INFO 4832 --- [main] s.d.s.w.s.ApiListingReferenceScanner     : Scanning for api listing references
11:14:47:031  INFO 4832 --- [main] com.hmall.service.RedisDataTypesTest     : Started RedisDataTypesTest in 11.699 seconds (JVM running for 13.074)
11:34:01:554  INFO 14580 --- [main] com.hmall.service.RedisDataTypesTest     : Starting RedisDataTypesTest using Java 21.0.7 on DESKTOP-ADO6404 with PID 14580 (started by 86152 in D:\code\hmall\hm-service)
11:34:01:555 DEBUG 14580 --- [main] com.hmall.service.RedisDataTypesTest     : Running with Spring Boot v2.7.12, Spring v5.3.27
11:34:01:556  INFO 14580 --- [main] com.hmall.service.RedisDataTypesTest     : The following 1 profile is active: "dev"
11:34:03:445  INFO 14580 --- [main] .s.d.r.c.RepositoryConfigurationDelegate : Multiple Spring Data modules found, entering strict repository configuration mode
11:34:03:451  INFO 14580 --- [main] .s.d.r.c.RepositoryConfigurationDelegate : Bootstrapping Spring Data Redis repositories in DEFAULT mode.
11:34:03:488  INFO 14580 --- [main] .s.d.r.c.RepositoryConfigurationDelegate : Finished Spring Data repository scanning in 19 ms. Found 0 Redis repository interfaces.
11:34:09:152  INFO 14580 --- [main] c.a.c.sentinel.SentinelWebMvcConfigurer  : [Sentinel Starter] register SentinelWebInterceptor with urlPatterns: [/**].
11:34:11:095  INFO 14580 --- [main] pertySourcedRequestMappingHandlerMapping : Mapped URL path [/v2/api-docs] onto method [springfox.documentation.swagger2.web.Swagger2ControllerWebMvc#getDocumentation(String, HttpServletRequest)]
11:34:11:736  INFO 14580 --- [main] d.s.w.p.DocumentationPluginsBootstrapper : Documentation plugins bootstrapped
11:34:11:746  INFO 14580 --- [main] d.s.w.p.DocumentationPluginsBootstrapper : Found 1 custom documentation plugin(s)
11:34:11:823  INFO 14580 --- [main] s.d.s.w.s.ApiListingReferenceScanner     : Scanning for api listing references
11:34:12:315  INFO 14580 --- [main] com.hmall.service.RedisDataTypesTest     : Started RedisDataTypesTest in 12.555 seconds (JVM running for 15.687)
11:46:57:454  INFO 22800 --- [main] com.hmall.service.RedisDataTypesTest     : Starting RedisDataTypesTest using Java 21.0.7 on DESKTOP-ADO6404 with PID 22800 (started by 86152 in D:\code\hmall\hm-service)
11:46:57:456 DEBUG 22800 --- [main] com.hmall.service.RedisDataTypesTest     : Running with Spring Boot v2.7.12, Spring v5.3.27
11:46:57:457  INFO 22800 --- [main] com.hmall.service.RedisDataTypesTest     : The following 1 profile is active: "dev"
11:46:58:737  INFO 22800 --- [main] .s.d.r.c.RepositoryConfigurationDelegate : Multiple Spring Data modules found, entering strict repository configuration mode
11:46:58:739  INFO 22800 --- [main] .s.d.r.c.RepositoryConfigurationDelegate : Bootstrapping Spring Data Redis repositories in DEFAULT mode.
11:46:58:765  INFO 22800 --- [main] .s.d.r.c.RepositoryConfigurationDelegate : Finished Spring Data repository scanning in 14 ms. Found 0 Redis repository interfaces.
11:47:02:846  INFO 22800 --- [main] c.a.c.sentinel.SentinelWebMvcConfigurer  : [Sentinel Starter] register SentinelWebInterceptor with urlPatterns: [/**].
11:47:04:244  INFO 22800 --- [main] pertySourcedRequestMappingHandlerMapping : Mapped URL path [/v2/api-docs] onto method [springfox.documentation.swagger2.web.Swagger2ControllerWebMvc#getDocumentation(String, HttpServletRequest)]
11:47:04:727  INFO 22800 --- [main] d.s.w.p.DocumentationPluginsBootstrapper : Documentation plugins bootstrapped
11:47:04:735  INFO 22800 --- [main] d.s.w.p.DocumentationPluginsBootstrapper : Found 1 custom documentation plugin(s)
11:47:04:794  INFO 22800 --- [main] s.d.s.w.s.ApiListingReferenceScanner     : Scanning for api listing references
11:47:05:147  INFO 22800 --- [main] com.hmall.service.RedisDataTypesTest     : Started RedisDataTypesTest in 9.162 seconds (JVM running for 10.335)
11:53:48:684  INFO 17152 --- [main] com.hmall.service.RedisDataTypesTest     : Starting RedisDataTypesTest using Java 21.0.7 on DESKTOP-ADO6404 with PID 17152 (started by 86152 in D:\code\hmall\hm-service)
11:53:48:685 DEBUG 17152 --- [main] com.hmall.service.RedisDataTypesTest     : Running with Spring Boot v2.7.12, Spring v5.3.27
11:53:48:686  INFO 17152 --- [main] com.hmall.service.RedisDataTypesTest     : The following 1 profile is active: "dev"
11:53:49:874  INFO 17152 --- [main] .s.d.r.c.RepositoryConfigurationDelegate : Multiple Spring Data modules found, entering strict repository configuration mode
11:53:49:878  INFO 17152 --- [main] .s.d.r.c.RepositoryConfigurationDelegate : Bootstrapping Spring Data Redis repositories in DEFAULT mode.
11:53:49:902  INFO 17152 --- [main] .s.d.r.c.RepositoryConfigurationDelegate : Finished Spring Data repository scanning in 13 ms. Found 0 Redis repository interfaces.
11:53:53:794  INFO 17152 --- [main] c.a.c.sentinel.SentinelWebMvcConfigurer  : [Sentinel Starter] register SentinelWebInterceptor with urlPatterns: [/**].
11:53:54:956  INFO 17152 --- [main] pertySourcedRequestMappingHandlerMapping : Mapped URL path [/v2/api-docs] onto method [springfox.documentation.swagger2.web.Swagger2ControllerWebMvc#getDocumentation(String, HttpServletRequest)]
11:53:55:368  INFO 17152 --- [main] d.s.w.p.DocumentationPluginsBootstrapper : Documentation plugins bootstrapped
11:53:55:372  INFO 17152 --- [main] d.s.w.p.DocumentationPluginsBootstrapper : Found 1 custom documentation plugin(s)
11:53:55:418  INFO 17152 --- [main] s.d.s.w.s.ApiListingReferenceScanner     : Scanning for api listing references
11:53:55:756  INFO 17152 --- [main] com.hmall.service.RedisDataTypesTest     : Started RedisDataTypesTest in 8.681 seconds (JVM running for 9.762)
11:58:44:361  INFO 18040 --- [main] com.hmall.service.RedisDataTypesTest     : Starting RedisDataTypesTest using Java 21.0.7 on DESKTOP-ADO6404 with PID 18040 (started by 86152 in D:\code\hmall\hm-service)
11:58:44:362 DEBUG 18040 --- [main] com.hmall.service.RedisDataTypesTest     : Running with Spring Boot v2.7.12, Spring v5.3.27
11:58:44:362  INFO 18040 --- [main] com.hmall.service.RedisDataTypesTest     : The following 1 profile is active: "dev"
11:58:45:634  INFO 18040 --- [main] .s.d.r.c.RepositoryConfigurationDelegate : Multiple Spring Data modules found, entering strict repository configuration mode
11:58:45:637  INFO 18040 --- [main] .s.d.r.c.RepositoryConfigurationDelegate : Bootstrapping Spring Data Redis repositories in DEFAULT mode.
11:58:45:659  INFO 18040 --- [main] .s.d.r.c.RepositoryConfigurationDelegate : Finished Spring Data repository scanning in 12 ms. Found 0 Redis repository interfaces.
11:58:49:403  INFO 18040 --- [main] c.a.c.sentinel.SentinelWebMvcConfigurer  : [Sentinel Starter] register SentinelWebInterceptor with urlPatterns: [/**].
11:58:50:600  INFO 18040 --- [main] pertySourcedRequestMappingHandlerMapping : Mapped URL path [/v2/api-docs] onto method [springfox.documentation.swagger2.web.Swagger2ControllerWebMvc#getDocumentation(String, HttpServletRequest)]
11:58:51:001  INFO 18040 --- [main] d.s.w.p.DocumentationPluginsBootstrapper : Documentation plugins bootstrapped
11:58:51:008  INFO 18040 --- [main] d.s.w.p.DocumentationPluginsBootstrapper : Found 1 custom documentation plugin(s)
11:58:51:063  INFO 18040 --- [main] s.d.s.w.s.ApiListingReferenceScanner     : Scanning for api listing references
11:58:51:372  INFO 18040 --- [main] com.hmall.service.RedisDataTypesTest     : Started RedisDataTypesTest in 8.59 seconds (JVM running for 9.705)
12:01:40:059  INFO 20516 --- [main] com.hmall.service.RedisDataTypesTest     : Starting RedisDataTypesTest using Java 21.0.7 on DESKTOP-ADO6404 with PID 20516 (started by 86152 in D:\code\hmall\hm-service)
12:01:40:060 DEBUG 20516 --- [main] com.hmall.service.RedisDataTypesTest     : Running with Spring Boot v2.7.12, Spring v5.3.27
12:01:40:061  INFO 20516 --- [main] com.hmall.service.RedisDataTypesTest     : The following 1 profile is active: "dev"
12:01:41:377  INFO 20516 --- [main] .s.d.r.c.RepositoryConfigurationDelegate : Multiple Spring Data modules found, entering strict repository configuration mode
12:01:41:380  INFO 20516 --- [main] .s.d.r.c.RepositoryConfigurationDelegate : Bootstrapping Spring Data Redis repositories in DEFAULT mode.
12:01:41:409  INFO 20516 --- [main] .s.d.r.c.RepositoryConfigurationDelegate : Finished Spring Data repository scanning in 15 ms. Found 0 Redis repository interfaces.
12:01:46:021  INFO 20516 --- [main] c.a.c.sentinel.SentinelWebMvcConfigurer  : [Sentinel Starter] register SentinelWebInterceptor with urlPatterns: [/**].
12:01:47:147  INFO 20516 --- [main] pertySourcedRequestMappingHandlerMapping : Mapped URL path [/v2/api-docs] onto method [springfox.documentation.swagger2.web.Swagger2ControllerWebMvc#getDocumentation(String, HttpServletRequest)]
12:01:47:556  INFO 20516 --- [main] d.s.w.p.DocumentationPluginsBootstrapper : Documentation plugins bootstrapped
12:01:47:560  INFO 20516 --- [main] d.s.w.p.DocumentationPluginsBootstrapper : Found 1 custom documentation plugin(s)
12:01:47:611  INFO 20516 --- [main] s.d.s.w.s.ApiListingReferenceScanner     : Scanning for api listing references
12:01:47:909  INFO 20516 --- [main] com.hmall.service.RedisDataTypesTest     : Started RedisDataTypesTest in 9.389 seconds (JVM running for 10.57)
12:29:28:380  INFO 21472 --- [main] com.hmall.service.RedisDataTypesTest     : Starting RedisDataTypesTest using Java 21.0.7 on DESKTOP-ADO6404 with PID 21472 (started by 86152 in D:\code\hmall\hm-service)
12:29:28:381 DEBUG 21472 --- [main] com.hmall.service.RedisDataTypesTest     : Running with Spring Boot v2.7.12, Spring v5.3.27
12:29:28:382  INFO 21472 --- [main] com.hmall.service.RedisDataTypesTest     : The following 1 profile is active: "dev"
12:29:29:661  INFO 21472 --- [main] .s.d.r.c.RepositoryConfigurationDelegate : Multiple Spring Data modules found, entering strict repository configuration mode
12:29:29:664  INFO 21472 --- [main] .s.d.r.c.RepositoryConfigurationDelegate : Bootstrapping Spring Data Redis repositories in DEFAULT mode.
12:29:29:692  INFO 21472 --- [main] .s.d.r.c.RepositoryConfigurationDelegate : Finished Spring Data repository scanning in 14 ms. Found 0 Redis repository interfaces.
12:29:33:519  INFO 21472 --- [main] c.a.c.sentinel.SentinelWebMvcConfigurer  : [Sentinel Starter] register SentinelWebInterceptor with urlPatterns: [/**].
12:29:34:644  INFO 21472 --- [main] pertySourcedRequestMappingHandlerMapping : Mapped URL path [/v2/api-docs] onto method [springfox.documentation.swagger2.web.Swagger2ControllerWebMvc#getDocumentation(String, HttpServletRequest)]
12:29:35:060  INFO 21472 --- [main] d.s.w.p.DocumentationPluginsBootstrapper : Documentation plugins bootstrapped
12:29:35:065  INFO 21472 --- [main] d.s.w.p.DocumentationPluginsBootstrapper : Found 1 custom documentation plugin(s)
12:29:35:120  INFO 21472 --- [main] s.d.s.w.s.ApiListingReferenceScanner     : Scanning for api listing references
12:29:35:427  INFO 21472 --- [main] com.hmall.service.RedisDataTypesTest     : Started RedisDataTypesTest in 8.611 seconds (JVM running for 9.755)
12:36:29:487  INFO 31160 --- [main] com.hmall.service.RedisDataTypesTest     : Starting RedisDataTypesTest using Java 21.0.7 on DESKTOP-ADO6404 with PID 31160 (started by 86152 in D:\code\hmall\hm-service)
12:36:29:490 DEBUG 31160 --- [main] com.hmall.service.RedisDataTypesTest     : Running with Spring Boot v2.7.12, Spring v5.3.27
12:36:29:491  INFO 31160 --- [main] com.hmall.service.RedisDataTypesTest     : The following 1 profile is active: "dev"
12:36:30:633  INFO 31160 --- [main] .s.d.r.c.RepositoryConfigurationDelegate : Multiple Spring Data modules found, entering strict repository configuration mode
12:36:30:639  INFO 31160 --- [main] .s.d.r.c.RepositoryConfigurationDelegate : Bootstrapping Spring Data Redis repositories in DEFAULT mode.
12:36:30:671  INFO 31160 --- [main] .s.d.r.c.RepositoryConfigurationDelegate : Finished Spring Data repository scanning in 14 ms. Found 0 Redis repository interfaces.
12:36:34:569  INFO 31160 --- [main] c.a.c.sentinel.SentinelWebMvcConfigurer  : [Sentinel Starter] register SentinelWebInterceptor with urlPatterns: [/**].
12:36:35:572  INFO 31160 --- [main] pertySourcedRequestMappingHandlerMapping : Mapped URL path [/v2/api-docs] onto method [springfox.documentation.swagger2.web.Swagger2ControllerWebMvc#getDocumentation(String, HttpServletRequest)]
12:36:35:966  INFO 31160 --- [main] d.s.w.p.DocumentationPluginsBootstrapper : Documentation plugins bootstrapped
12:36:35:974  INFO 31160 --- [main] d.s.w.p.DocumentationPluginsBootstrapper : Found 1 custom documentation plugin(s)
12:36:36:018  INFO 31160 --- [main] s.d.s.w.s.ApiListingReferenceScanner     : Scanning for api listing references
12:36:36:383  INFO 31160 --- [main] com.hmall.service.RedisDataTypesTest     : Started RedisDataTypesTest in 8.379 seconds (JVM running for 10.172)
